<?xml version="1.0" encoding="UTF-8"?>
<!-- Generated by org.testng.reporters.JUnitReportReporter -->
<testsuite hostname="DESKTOP-PTK9AB3" failures="0" tests="5" name="TestRunner" time="157.937" errors="0" timestamp="2023-06-13T21:12:54 EDT" skipped="0">
  <testcase classname="TestRunner" name="runScenario" time="20.718"/>
  <system-out/>
  <testcase classname="TestRunner" name="runScenario" time="73.509"/>
  <system-out/>
  <testcase classname="TestRunner" name="runScenario" time="23.387"/>
  <system-out/>
  <testcase classname="TestRunner" name="runScenario" time="18.331"/>
  <system-out/>
  <testcase classname="TestRunner" name="runScenario" time="21.992"/>
  <system-out/>
</testsuite> <!-- TestRunner -->
